2016-03-25 16:35:47 sandy logged out
2016-03-25 16:35:51 sandy logging in
2016-03-25 16:49:12 sandy executing following command - Metlife_stage_ihub_Node1-iHub_Check Bundle Status
2016-03-25 16:49:50 sandy executing following command - Metlife_stage_ihub_Node1-iHub_Apply Patch sandy/test test_patch01.zip
2016-03-25 16:53:50 sandy executing following command - Metlife_stage_jboss_Node1-tppstgapp01_Apply Patch grbfbf fbfbgf
2016-03-25 16:55:37 sandy executing following command - Metlife_stage_jboss_Node1-tppstgapp01_Apply Patch grbfbf fbfbgf
2016-03-25 16:55:52 sandy executing following command - Metlife_stage_jboss_Node1-tppstgapp01_Apply Patch grbfbf fbfbgf.zip
2016-03-25 16:57:11 sandy executing following command - Metlife_stage_ihub_Node1-iHub_Check Bundle Status
2016-03-29 01:43:05 sandy logging in
2016-03-29 01:52:44 sandy executing following command - Metlife_stage_jboss_Node1-tppstgapp01_Revert Patch test test
2016-03-29 02:01:34 sandy executing following command - Metlife_stage_jboss_Node1-tppstgapp01_Revert Patch test test
2016-03-29 02:29:14 sandy executing following command - Metlife_stage_jboss_Node1-tppstgapp01_Revert Patch test test
2016-03-29 02:32:29 sandy executing following command - Metlife_stage_ihub_Node1-iHub_Revert Patch vdvdv bfbfbfb
2016-03-29 02:33:06 sandy executing following command - Metlife_stage_ihub_Node1-iHub_Check Bundle Status
2016-03-29 03:42:46 executing following command - Metlife_stage_jboss_Node1-tppstgapp01_Apply Patch sandy/test test_patch.01.zip
2016-03-29 03:42:53 sandy logging in
2016-03-29 03:42:57 sandy executing following command - Metlife_stage_jboss_Node1-tppstgapp01_Apply Patch sandy/test test_patch.01.zip
2016-03-29 03:43:56 sandy executing following command - Metlife_stage_jboss_Node1-tppstgapp01_Revert Patch sandy/test test_patch.01.zip
2016-03-29 03:54:30 sandy executing following command - Metlife_stage_jboss_Node1-tppstgapp01_Revert Patch sandy/test test_patch.01.zip
2016-03-29 04:05:00 sandy executing following command - Metlife_stage_ihub_Node1-iHub_Revert Patch test_patch.01.zip
2016-03-29 04:09:20 sandy executing following command - Metlife_stage_jboss_Node1-tppstgapp01_Revert Patch test_patch.01.zip
2016-03-29 04:13:25 sandy executing following command - Metlife_stage_jboss_Node1-tppstgapp01_Revert Patch test_patch.01.zip
2016-03-29 07:29:53 agaffur logging in
2016-03-29 07:31:26 agaffur executing following command - Metlife_prod_ihub_All_Check Bundle Status
2016-03-29 07:46:58 sandy logging in
2016-03-29 07:48:36 sandy executing following command - Metlife_stage_ihub_Node1-iHub_Check Bundle Status
2016-03-29 07:50:34 sandy executing following command - Metlife_stage_ihub_Node1-iHub_Check Bundle Status
2016-03-29 07:51:23 sandy executing following command - Metlife_stage_ihub_Node1-iHub_Check Bundle Status
2016-03-29 07:53:28 sandy executing following command - Metlife_stage_jboss_Node1-tppstgapp01_Stop An Instance
2016-03-29 07:54:12 sandy executing following command - Metlife_stage_ihub_Node1-iHub_Stop An Instance
2016-03-29 07:55:13 sandy executing following command - Metlife_stage_ihub_Node1-iHub_Apply Patch /Staging/29Mar2016 Patch_stage_ihub_29-03-2016.zip
2016-03-29 07:56:15 sandy executing following command - Metlife_stage_ihub_Node1-iHub_Start An Instance
2016-03-29 08:00:57 sandy executing following command - Metlife_stage_jboss_Node1-tppstgapp01_Start An Instance
2016-03-29 10:04:07 sandy logged out
2016-03-29 10:04:10 sandy logging in
2016-03-29 10:29:53 sandy executing following command - IHUB_uat_ihub_Node1-ihub_Check Bundle Status
2016-03-29 10:30:07 sandy executing following command - IHUB_prod_ihub_All_Check Bundle Status
2016-03-29 11:08:56 sandy executing following command - JH_stage_ihub_Node1-iHub_Check Bundle Status
2016-03-29 11:09:31 sandy executing following command - JH_uat_ihub_Node1-iHub_Check Bundle Status
2016-03-29 11:11:25 sandy executing following command - JH_stage_ihub_Node1-iHub_Check Bundle Status
2016-03-29 11:14:52 sandy executing following command - JH_stage_ihub_Node1-iHub_Check Bundle Status
2016-03-29 11:16:27 sandy executing following command - JH_stage_ihub_Node1-iHub_Check Bundle Status
2016-03-29 11:17:25 sandy executing following command - JH_stage_ihub_Node1-iHub_Check Bundle Status
2016-03-29 11:18:55 sandy executing following command - JH_stage_ihub_Node1-iHub_Check Bundle Status
2016-03-29 11:19:25 sandy executing following command - JH_stage_ihub_Node1-iHub_Check Bundle Status
2016-03-29 11:19:48 sandy executing following command - JH_stage_ihub_Node1-iHub_Check Bundle Status
2016-03-29 11:20:16 sandy executing following command - JH_stage_ihub_Node1-iHub_Check Bundle Status
2016-03-29 11:20:54 sandy executing following command - JH_stage_ihub_Node1-iHub_Check Bundle Status
2016-03-29 11:23:08 sandy executing following command - JH_stage_ihub_Node1-iHub_Check Bundle Status
2016-03-29 11:27:02 sandy executing following command - JH_uat_ihub_Node1-iHub_Check Bundle Status
2016-03-29 11:27:40 sandy executing following command - JH_uat_ihub_Node1-iHub_Check Bundle Status
2016-03-29 11:28:03 sandy executing following command - JH_stage_ihub_Node1-iHub_Check Bundle Status
2016-03-30 04:06:34 sandy logging in
2016-03-30 04:06:56 sandy executing following command - JH_stage_ihub_Node1-iHub_Check Bundle Status
2016-03-30 04:09:03 sandy executing following command - JH_stage_ihub_Node1-iHub_Check Bundle Status
2016-03-30 04:10:27 sandy executing following command - JH_stage_ihub_Node1-iHub_Check Bundle Status
2016-03-30 04:11:27 sandy executing following command - JH_stage_ihub_Node1-iHub_Check Bundle Status
2016-03-30 04:12:20 sandy executing following command - JH_stage_ihub_Node1-iHub_Check Bundle Status
2016-03-30 04:13:42 sandy executing following command - JH_stage_ihub_Node1-iHub_Check Bundle Status
2016-03-30 04:14:02 sandy executing following command - JH_stage_ihub_Node1-iHub_Check Bundle Status
2016-03-30 04:14:04 sandy executing following command - JH_stage_ihub_Node1-iHub_Check Bundle Status
2016-03-30 04:15:31 sandy executing following command - JH_stage_ihub_Node1-iHub_Check Bundle Status
2016-03-30 04:16:04 sandy executing following command - JH_stage_ihub_Node1-iHub_Check Bundle Status
2016-03-30 04:16:20 sandy executing following command - JH_uat_ihub_Node1-iHub_Check Bundle Status
2016-03-30 06:10:20 sandy logged out
2016-03-30 06:10:24 sandy logging in
2016-03-30 06:10:58 sandy executing following command - IHUB_uat_ihub_Node1-ihub_Check Bundle Status
2016-03-30 07:40:53 executing following command - IHUB_uat_ihub_Node1-ihub_Check Bundle Status
2016-03-30 07:41:02 sandy logging in
2016-03-30 07:41:07 sandy executing following command - IHUB_uat_ihub_Node1-ihub_Check Bundle Status
2016-03-30 07:43:39 sandy logged out
2016-03-30 07:43:42 sandy logging in
2016-03-30 07:44:14 sandy executing following command - Metlife_stage_ihub_Node1-iHub_Check Bundle Status
2016-03-30 07:53:25 sandy executing following command - COOP_stage_ihub_Node1-iHub_Check Bundle Status
2016-03-30 07:53:42 sandy executing following command - COOP_uat_ihub_All_Check Bundle Status
2016-03-30 08:04:03 sandy executing following command - Metlife_prod_jboss_Node2-tppprdapp_Start An Instance
2016-03-31 02:06:03 sandy logging in
2016-03-31 02:51:41 sandy logging in
2016-03-31 02:54:03 sandy executing following command - Metlife_prod_ihub_All_Check Bundle Status
2016-03-31 04:17:15 sandy logged out
2016-03-31 04:17:23 sandy logging in
2016-03-31 06:19:01 sandy logging in
2016-03-31 06:59:54 sandy executing following command - COOP_uat_ihub_All_Restart An Instance
2016-03-31 07:09:16 sandy executing following command - COOP_uat_ihub_All_Restart An Instance
2016-03-31 07:42:44 executing following command - COOP_uat_jboss_All_Restart An Instance
2016-03-31 07:43:23 sandy logging in
2016-03-31 07:43:37 sandy executing following command - COOP_uat_jboss_All_Restart An Instance
2016-03-31 07:45:37 sandy executing following command - COOP_uat_jboss_Node1-couatapp01_Stop An Instance
2016-03-31 07:47:52 sandy executing following command - COOP_uat_jboss_Node1-couatapp01_Stop An Instance
2016-03-31 07:53:22 sandy executing following command - COOP_uat_jboss_Node1-couatapp01_Stop An Instance
2016-03-31 07:56:38 sandy executing following command - COOP_uat_jboss_All_Restart An Instance
2016-03-31 08:05:17 sandy logging in
2016-03-31 08:18:08 sandy executing following command - Metlife_uat_jboss_All_Stop An Instance
2016-03-31 08:19:21 sandy executing following command - Metlife_uat_ihub_Node1-iHub_Deploy Build /UAT/31Mar2016 Bundles.zip
2016-03-31 08:27:13 sandy executing following command - Metlife_uat_jboss_All_Start An Instance
2016-03-31 09:38:51 sandy logging in
2016-03-31 09:45:16 login failed - username is and password is
2016-03-31 09:45:27 vbalaji logging in
2016-03-31 09:46:01 vbalaji logging in
2016-03-31 10:18:53 sandy logging in
2016-03-31 10:24:17 vbalaji executing following command - COOP_stage_jboss_Node1-cosanapp_Stop An Instance
2016-03-31 10:25:37 vbalaji executing following command - COOP_stage_jboss_Node1-cosanapp_Apply Patch eapp/COOP-STAGE-31-03-2016/ Patch_stage_JBOSS_31032016_01.zip
2016-03-31 10:40:32 vbalaji executing following command - COOP_stage_jboss_Node1-cosanapp_Deploy Build eapp/COOP-STAGE-31-03-2016/ cooperators.war
2016-03-31 10:44:29 sandy logging in
2016-03-31 10:54:12 sandy executing following command - COOP_stage_jboss_Node1-cosanapp_Deploy Build eapp/COOP-STAGE-31-03-2016/ cooperators.war
2016-04-01 01:19:27 sandy logging in
2016-04-01 01:33:40 sandy executing following command - Metlife_stage_ihub_Node1-iHub_Check Bundle Status
2016-04-01 02:54:56 sandy executing following command - CUNAEAPP_UAT_ihub_All_Check Bundle Status
2016-04-01 02:57:04 sandy executing following command - CUNATPP_dev_ihub_Node1-iHubtppdev_Check Bundle Status
2016-04-01 03:02:05 sandy executing following command - CUNATPP_UAT_ihub_All_Check Bundle Status
2016-04-01 03:05:36 sandy executing following command - CUNASIEAPP_uat_ihub_All_Check Bundle Status
2016-04-01 03:25:23 sandy logging in
2016-04-01 03:34:35 sandy executing following command - JH_stage_jboss_Node1-jhstgapp_Apply Patch /test/sandy test_patch.zip
2016-04-01 03:37:10 sandy executing following command - JH_stage_jboss_Node1-jhstgapp_Apply Patch /test/sandy test_patch.zip
2016-04-01 03:44:07 sandy executing following command - JH_stage_jboss_Node1-jhstgapp_Stop An Instance
2016-04-01 03:48:05 sandy executing following command - JH_stage_jboss_Node1-jhstgapp_Deploy Build /test/sandy jhtpp.ear
2016-04-01 03:52:25 sandy executing following command - JH_stage_ihub_Node1-iHub_Restart An Instance
2016-04-03 05:56:26 sandy logging in
2016-04-03 06:11:49 sandy executing following command - JH_stage_ihub_Node1-iHub_Restart An Instance
2016-04-03 06:21:31 sandy executing following command - JH_uat_ihub_Node1-iHub_Restart An Instance
2016-04-03 06:36:40 sandy executing following command - CUNAEAPP_dev_ihub_Node1-iHubeappdev_Restart An Instance
2016-04-03 06:47:32 sandy executing following command - CUNAEAPP_dev_ihub_Node1-iHubeappdev_Restart An Instance
2016-04-03 07:06:10 sandy executing following command - CUNAEAPP_uat_ihub_All_Check Bundle Status
2016-04-03 07:20:37 sandy executing following command - CUNAEAPP_prod_ihub_All_Check Bundle Status
2016-04-05 03:29:03 sandy logging in
2016-04-05 05:05:55 sandy logging in
2016-04-05 05:18:01 sandy executing following command - Metlife_stage_jboss_Node1-tppstgapp01_Start An Instance
2016-04-05 05:18:56 sandy executing following command - Metlife_stage_jboss_Node1-tppstgapp01_Start An Instance
2016-04-05 05:21:11 sandy executing following command - Metlife_stage_jboss_Node1-tppstgapp01_Start An Instance
2016-04-05 05:29:51 sandy executing following command - IHUB_uat_ihub_Node1-ihub_Check Bundle Status
2016-04-05 05:30:08 sandy executing following command - IHUB_newuat_ihub_Node1-ihub_Check Bundle Status
2016-04-05 05:30:42 sandy executing following command - IHUB_prodsim_ihub_Node1-ihub_Check Bundle Status
2016-04-05 05:31:17 sandy executing following command - IHUB_prod_ihub_All_Check Bundle Status
2016-04-05 05:32:38 sandy executing following command - IHUB_uat_ihub_Node1-ihub_Check Bundle Status
2016-04-05 06:06:13 sandy executing following command - IHUB_uat_ihub_Node1-ihub_Check Bundle Status
2016-04-05 06:06:28 sandy executing following command - IHUB_prodsim_ihub_Node1-ihub_Check Bundle Status
2016-04-05 06:06:49 sandy executing following command - IHUB_prodsim_ihub_Node1-ihub_Restart An Instance
2016-04-05 06:10:57 sandy executing following command - IHUB_newuat_ihub_Node1-ihub_Check Bundle Status
2016-04-05 06:11:17 sandy executing following command - IHUB_prodsim_ihub_Node1-ihub_Restart An Instance
2016-04-05 06:17:38 sandy executing following command - IHUB_prodsim_ihub_Node1-ihub_Restart An Instance
2016-04-05 06:38:28 sandy executing following command - IHUB_uat_ihub_Node1-ihub_Check Bundle Status
2016-04-05 06:38:44 sandy executing following command - IHUB_newuat_ihub_Node1-ihub_Check Bundle Status
2016-04-05 06:38:58 sandy executing following command - IHUB_prodsim_ihub_Node1-ihub_Check Bundle Status
2016-04-05 06:39:09 sandy executing following command - IHUB_prod_ihub_All_Check Bundle Status
2016-04-05 06:39:31 sandy executing following command - IHUB_prod_ihub_All_Restart An Instance
2016-04-05 07:15:03 sandy executing following command - CUNAEAPP_dev_ihub_Node1-iHubeappdev_Check Bundle Status
2016-04-05 07:15:36 sandy executing following command - CUNAEAPP_dev_ihub_Node1-iHubeappdev_Check Bundle Status
2016-04-05 07:16:54 sandy executing following command - CUNAEAPP_prod_ihub_All_Check Bundle Status
2016-04-05 07:46:12 sandy executing following command - JH_stage_ihub_Node1-iHub_Check Bundle Status
2016-04-05 07:50:14 sandy executing following command - COOP_stage_ihub_Node1-iHub_Check Bundle Status
2016-04-05 08:22:03 sandy executing following command - JH_uat_ihub_Node1-iHub_Check Bundle Status
2016-04-05 10:17:35 sandy logging in
2016-04-05 10:20:54 sandy logging in
2016-04-05 10:36:39 sandy executing following command - Metlife_uat_ihub_Node1-iHub_Check Bundle Status
2016-04-05 10:58:21 sandy executing following command - Metlife_uat_ihub_Node1-iHub_Check Bundle Status
2016-04-05 11:30:52 sandy executing following command - Metlife_prod_ihub_All_Check Bundle Status
2016-04-05 12:23:44 agaffur logging in
2016-04-05 12:24:45 agaffur executing following command - CUNATPP_uat_ihub_Node1-iHubtppuat01_Check Bundle Status
2016-04-06 03:02:35 sandy logging in
2016-04-06 03:19:48 sandy executing following command - CUNAEAPP_prod_ihub_All_Stop An Instance
2016-04-06 03:21:36 sandy executing following command - CUNAEAPP_prod_ihub_Node1-iHubeappprod01_Apply Patch CUNA/PROD/06Apr2016 Patch_ihub_prod_06-04-2016_Node1
2016-04-06 03:22:27 sandy executing following command - CUNAEAPP_prod_ihub_Node1-iHubeappprod01_Apply Patch CUNA/PROD/06Apr2016 Patch_ihub_prod_06-04-2016_Node1.zip
2016-04-06 03:29:35 sandy executing following command - CUNAEAPP_prod_ihub_Node1-iHubeappprod01_Apply Patch CUNA/PROD/06Apr2016 Patch_ihub_prod_06-04-2016_Node1.zip
2016-04-06 03:31:16 sandy executing following command - CUNAEAPP_prod_ihub_Node2-iHubeappprod02_Apply Patch CUNA/PROD/06Apr2016 Patch_ihub_prod_06-04-2016_Node2.zip
2016-04-06 03:33:15 sandy executing following command - CUNAEAPP_prod_ihub_All_Start An Instance
2016-04-06 03:39:36 sandy executing following command - CUNAEAPP_prod_ihub_Node2-iHubeappprod02_Start An Instance
2016-04-06 03:43:31 sandy executing following command - CUNAEAPP_prod_ihub_Node2-iHubeappprod02_Check Bundle Status
2016-04-06 03:44:21 sandy executing following command - CUNAEAPP_prod_ihub_Node2-iHubeappprod02_Check Bundle Status
2016-04-06 03:45:56 sandy executing following command - CUNAEAPP_prod_ihub_Node2-iHubeappprod02_Check Bundle Status
2016-04-06 03:53:10 sandy executing following command - CUNAEAPP_prod_ihub_All_Check Bundle Status
2016-04-06 04:40:44 executing following command - CUNAEAPP_dev_ihub_Node1-iHubeappdev_Check Bundle Status
2016-04-06 04:40:50 sandy logging in
2016-04-06 04:40:56 sandy executing following command - CUNAEAPP_dev_ihub_Node1-iHubeappdev_Check Bundle Status
2016-04-06 05:49:51 sandy logging in
2016-04-06 07:05:57 sandy logging in
2016-04-06 09:09:16 executing following command - Metlife_prod_ihub_All_Check Bundle Status
2016-04-06 09:09:22 sandy logging in
2016-04-06 09:09:27 sandy executing following command - Metlife_prod_ihub_All_Check Bundle Status
2016-04-07 02:44:37 sandy logging in
2016-04-07 03:06:27 sandy logging in
2016-04-07 03:17:51 login failed - username is root and password is sysc0nf
2016-04-07 03:17:57 sandy logging in
2016-04-07 05:04:35 sandy logged out
2016-04-07 05:04:40 sandy logging in
2016-04-07 05:58:21 sandy executing following command - CUNAEAPP_stage_ihub_All_Check Bundle Status
2016-04-07 08:40:04 login failed - username is and password is
2016-04-07 08:40:13 login failed - username is and password is
2016-04-07 08:40:51 login failed - username is and password is mytestorg@123
2016-04-07 08:40:58 login failed - username is and password is mytestorg@123
2016-04-07 08:42:41 login failed - username is and password is
2016-04-07 08:45:01 sandy logging in
2016-04-07 08:51:31 login failed - username is root and password is sysc0nf
2016-04-07 08:53:33 agaffur logging in
2016-04-07 08:54:10 agaffur logged out
2016-04-07 08:56:39 sandy logging in
2016-04-07 09:00:14 sandy logging in
2016-04-07 09:04:21 sandy logged out
2016-04-07 09:05:51 sandy logging in
2016-04-07 09:08:39 sandy logged out
2016-04-07 09:09:05 sandy logging in
2016-04-07 09:17:14 sandy logged out
2016-04-07 09:20:17 sandy logging in
2016-04-07 09:28:50 sandy logging in
2016-04-07 09:31:14 sandy logged out
2016-04-07 09:32:05 sandy logging in
2016-04-07 10:38:57 sandy logged out
2016-04-07 10:39:27 sandy logging in
2016-04-07 10:40:08 sandy executing following command - CUNAEAPP_stage_ihub_All_Check Bundle Status
2016-04-07 10:40:37 sandy logged out
2016-04-08 02:07:01 sandy logging in
2016-04-08 03:41:02 sandy logged out
2016-04-08 03:41:12 sandy logging in
2016-04-08 04:50:43 executing following command - JH_stage_ihub_Node1-iHub_Check Bundle Status
2016-04-08 04:50:49 sandy logging in
2016-04-08 04:50:58 sandy executing following command - JH_stage_ihub_Node1-iHub_Check Bundle Status
2016-04-08 04:51:23 sandy executing following command - JH_uat_ihub_Node1-iHub_Check Bundle Status
2016-04-08 04:51:37 sandy executing following command - JH_stage_ihub_Node1-iHub_Check Bundle Status
2016-04-08 04:54:15 sandy executing following command - JH_stage_ihub_Node1-iHub_Check Bundle Status
2016-04-08 06:03:11 executing following command - Metlife_uat_jboss_All_Apply Patch sandy/test test_patch.zip
2016-04-08 06:03:27 sandy logging in
2016-04-08 06:03:32 sandy executing following command - Metlife_uat_jboss_All_Apply Patch sandy/test test_patch.zip
2016-04-08 06:09:46 sandy executing following command - JH_stage_jboss_Node1-jhstgapp_Apply Patch sandy/test test_patch.zip
2016-04-08 06:10:45 sandy executing following command - JH_uat_jboss_Node1-jhuatapp_Apply Patch sandy/test test_patch.zip
2016-04-09 03:32:13 sandy logging in
2016-04-09 03:32:31 harir logging in
2016-04-09 03:33:45 harir logged out
2016-04-09 05:38:47 schinnadurai logging in
2016-04-11 03:41:05 sramamurthy logging in
2016-04-11 05:04:04 tkuppuswamy logging in
2016-04-11 05:05:21 tkuppuswamy logged out
2016-04-11 05:05:46 tkuppuswamy logged out
2016-04-11 05:22:27 tkuppuswamy logging in
2016-04-11 05:23:07 tkuppuswamy executing following command - COOP_stage_ihub_Node1-iHub_Check Bundle Status
2016-04-11 05:23:40 tkuppuswamy executing following command - COOP_uat_ihub_All_Check Bundle Status
2016-04-11 05:24:23 tkuppuswamy logged out
2016-04-11 05:24:27 tkuppuswamy logged out
2016-04-11 08:28:58 tkuppuswamy logging in
2016-04-11 08:31:39 tkuppuswamy executing following command - CUNATPP_uat_jboss_All_Stop An Instance
2016-04-11 09:21:39 executing following command - CUNATPP_uat_jboss_All_Deploy Build /CUNATPP/UAT-Environment/11April2016/ cunatpp.ear
2016-04-11 09:22:20 tkuppuswamy logging in
2016-04-11 09:22:20 tkuppuswamy logging in
2016-04-11 09:22:55 tkuppuswamy executing following command - CUNATPP_uat_jboss_All_Deploy Build /CUNATPP/UAT-Environment/11April2016/ cunatpp.ear
2016-04-11 09:35:47 tkuppuswamy executing following command - COOP_stage_jboss_Node1-cosanapp_Stop An Instance
2016-04-11 09:36:04 tkuppuswamy executing following command - COOP_stage_ihub_Node1-iHub_Stop An Instance
2016-04-11 09:37:27 tkuppuswamy executing following command - COOP_stage_ihub_Node1-iHub_Stop An Instance
2016-04-11 09:39:30 tkuppuswamy executing following command - COOP_stage_jboss_Node1-cosanapp_Apply Patch eapp/COOP-STAGE-11-04-2016/ Patch_stage_JBOSS_11042016_01.zip
2016-04-11 09:40:15 tkuppuswamy executing following command - COOP_stage_ihub_Node1-iHub_Apply Patch eapp/COOP-STAGE-11-04-2016/ Patch_stage_ihub_11042016_01.zip
2016-04-11 09:48:28 tkuppuswamy executing following command - COOP_stage_ihub_Node1-iHub_Start An Instance
2016-04-11 09:54:19 tkuppuswamy executing following command - COOP_stage_jboss_Node1-cosanapp_Deploy Build Buildeapp/COOP-STAGE-11-04-2016/ cooperators.war
2016-04-11 09:54:59 tkuppuswamy executing following command - COOP_stage_jboss_Node1-cosanapp_Deploy Build eapp/COOP-STAGE-11-04-2016/ cooperators.war
2016-04-11 09:57:57 tkuppuswamy executing following command - CUNATPP_uat_jboss_All_Deploy Build /CUNATPP/UAT-Environment/11April2016/ cunatpp.ear
2016-04-11 10:23:21 tkuppuswamy executing following command - COOP_stage_jboss_Node1-cosanapp_Deploy Build eapp/COOP-STAGE-11-04-2016/ cooperators.war
2016-04-11 10:28:35 tkuppuswamy logged out
2016-04-11 10:28:38 tkuppuswamy logged out
2016-04-11 11:12:29 tkuppuswamy logging in
2016-04-11 11:13:10 tkuppuswamy executing following command - CUNATPP_uat_jboss_All_Stop An Instance
2016-04-11 11:14:50 tkuppuswamy executing following command - CUNATPP_uat_jboss_All_Deploy Build /CUNATPP/UAT-Environment/31Mar2016/ cunatpp.ear
2016-04-11 11:17:45 tkuppuswamy logged out
2016-04-11 11:17:48 tkuppuswamy logged out
2016-04-11 13:24:12 login failed - username is vinoth and password is @1980
2016-04-11 13:24:42 login failed - username is vinoth and password is test123
2016-04-11 13:27:21 vinoth logging in
2016-04-11 13:28:35 vinoth executing following command - Metlife_stage_ihub_Node1-iHub_Check Bundle Status
2016-04-12 02:00:23 sramamurthy logging in
2016-04-12 02:03:56 sramamurthy executing following command - CUNATPP_dev_jboss_Node1-cunatppdev_Apply Patch /CUNATPP/Dev-Environment/11Apr2016/ Patch_DEV_JBoss_11-04-2016.zip
2016-04-12 02:07:20 sramamurthy executing following command - CUNATPP_dev_jboss_Node1-cunatppdev_Deploy Build /CUNATPP/Dev-Environment/11Apr2016/ cunatpp.ear
2016-04-12 02:10:57 sramamurthy executing following command - CUNATPP_dev_jboss_Node1-cunatppdev_Deploy Build /CUNATPP/Dev-Environment/11Apr2016/ ihub-web.war
2016-04-12 02:14:02 sramamurthy executing following command - CUNATPP_dev_ihub_Node1-iHubtppdev_Apply Patch /CUNATPP/Dev-Environment/11Apr2016/ Patch_Dev_IHUB_11-04-2016.zip
2016-04-12 02:17:15 sramamurthy executing following command - CUNATPP_dev_ihub_Node1-iHubtppdev_Deploy Build /CUNATPP/Dev-Environment/11Apr2016/ Bundles.zip
2016-04-12 02:22:10 sramamurthy executing following command - CUNATPP_dev_ihub_Node1-iHubtppdev_Check Bundle Status
2016-04-12 02:35:00 login failed - username is sandys and password is mytestorg@123
2016-04-12 02:46:38 sandy logging in
2016-04-12 02:50:18 sandy executing following command - CUNAEAPP_uat_ihub_All_Check Bundle Status
2016-04-12 03:12:56 sandy executing following command - CUNAEAPP_uat_ihub_All_Check Bundle Status
2016-04-12 03:14:22 sandy executing following command - CUNAEAPP_uat_ihub_All_Check Bundle Status
2016-04-12 03:15:10 sandy executing following command - CUNAEAPP_uat_ihub_All_Apply Patch vdvdvd vdvdvdvd
2016-04-12 03:27:28 login failed - username is balajiv and password is Change99t
2016-04-12 03:27:39 login failed - username is balajiv and password is Change99t
2016-04-12 03:27:50 vbalaji logging in
2016-04-12 03:32:18 vbalaji executing following command - CUNATPP_dev_jboss_Node1-cunatppdev_Stop An Instance
2016-04-12 03:34:09 vbalaji executing following command - CUNATPP_dev_jboss_Node1-cunatppdev_Apply Patch /CUNATPP/Dev-Environment/12Apr2016/ Patch_DEV_JBoss_12-04-2016.zip
2016-04-12 03:35:56 vbalaji executing following command - CUNATPP_dev_jboss_Node1-cunatppdev_Start An Instance
